<?xml version="1.0" encoding="UTF-8"?>
<testng-results ignored="0" total="1" passed="1" failed="0" skipped="0">
  <reporter-output>
    <line>
      <![CDATA[No of rows are ::10]]>
    </line>
    <line>
      <![CDATA[Add Employee Success::19623   19623]]>
    </line>
    <line>
      <![CDATA[Add Employee Success::19624   19624]]>
    </line>
    <line>
      <![CDATA[Add Employee Success::19625   19625]]>
    </line>
    <line>
      <![CDATA[Add Employee Success::19626   19626]]>
    </line>
    <line>
      <![CDATA[Add Employee Success::19627   19627]]>
    </line>
    <line>
      <![CDATA[Add Employee Success::19628   19628]]>
    </line>
    <line>
      <![CDATA[Add Employee Success::19629   19629]]>
    </line>
    <line>
      <![CDATA[Add Employee Success::19630   19630]]>
    </line>
    <line>
      <![CDATA[Add Employee Success::19631   19631]]>
    </line>
    <line>
      <![CDATA[Add Employee Success::19632   19632]]>
    </line>
  </reporter-output>
  <suite started-at="2023-04-15T14:06:29 IST" name="Default suite" finished-at="2023-04-15T14:07:34 IST" duration-ms="65111">
    <groups>
    </groups>
    <test started-at="2023-04-15T14:06:29 IST" name="Default test" finished-at="2023-04-15T14:07:34 IST" duration-ms="65111">
      <class name="driverFactory.TestScript">
        <test-method is-config="true" signature="AdminLogin()[pri:0, instance:driverFactory.TestScript@74ea2410]" started-at="2023-04-15T14:06:29 IST" name="AdminLogin" finished-at="2023-04-15T14:06:41 IST" duration-ms="12072" status="PASS">
          <reporter-output>
          </reporter-output>
        </test-method> <!-- AdminLogin -->
        <test-method signature="startTest()[pri:0, instance:driverFactory.TestScript@74ea2410]" started-at="2023-04-15T14:06:42 IST" name="startTest" finished-at="2023-04-15T14:07:33 IST" duration-ms="51286" status="PASS">
          <reporter-output>
            <line>
              <![CDATA[No of rows are ::10]]>
            </line>
            <line>
              <![CDATA[Add Employee Success::19623   19623]]>
            </line>
            <line>
              <![CDATA[Add Employee Success::19624   19624]]>
            </line>
            <line>
              <![CDATA[Add Employee Success::19625   19625]]>
            </line>
            <line>
              <![CDATA[Add Employee Success::19626   19626]]>
            </line>
            <line>
              <![CDATA[Add Employee Success::19627   19627]]>
            </line>
            <line>
              <![CDATA[Add Employee Success::19628   19628]]>
            </line>
            <line>
              <![CDATA[Add Employee Success::19629   19629]]>
            </line>
            <line>
              <![CDATA[Add Employee Success::19630   19630]]>
            </line>
            <line>
              <![CDATA[Add Employee Success::19631   19631]]>
            </line>
            <line>
              <![CDATA[Add Employee Success::19632   19632]]>
            </line>
          </reporter-output>
        </test-method> <!-- startTest -->
        <test-method is-config="true" signature="tearDown()[pri:0, instance:driverFactory.TestScript@74ea2410]" started-at="2023-04-15T14:07:33 IST" name="tearDown" finished-at="2023-04-15T14:07:34 IST" duration-ms="1662" status="PASS">
          <reporter-output>
          </reporter-output>
        </test-method> <!-- tearDown -->
      </class> <!-- driverFactory.TestScript -->
    </test> <!-- Default test -->
  </suite> <!-- Default suite -->
</testng-results>
